This is pdfTeX, Version 3.14159265-2.6-1.40.20 (MiKTeX 2.9.7050 64-bit) (preloaded format=pdflatex 2019.5.22)  5 JUN 2019 16:41
entering extended mode
**./Thesis_Propsal_Reid_Lowdon.tex
(Thesis_Propsal_Reid_Lowdon.tex
LaTeX2e <2018-12-01>

("C:\Users\lowdon-r58\AppData\Local\Programs\MiKTeX 2.9\tex/latex/base\article.
cls"
Document Class: article 2018/09/03 v1.4i Standard LaTeX document class

("C:\Users\lowdon-r58\AppData\Local\Programs\MiKTeX 2.9\tex/latex/base\size12.c
lo"
File: size12.clo 2018/09/03 v1.4i Standard LaTeX file (size option)
)
\c@part=\count80
\c@section=\count81
\c@subsection=\count82
\c@subsubsection=\count83
\c@paragraph=\count84
\c@subparagraph=\count85
\c@figure=\count86
\c@table=\count87
\abovecaptionskip=\skip41
\belowcaptionskip=\skip42
\bibindent=\dimen102
)
("C:\Users\lowdon-r58\AppData\Local\Programs\MiKTeX 2.9\tex/latex/base\inputenc
.sty"
Package: inputenc 2018/08/11 v1.3c Input encoding file
\inpenc@prehook=\toks14
\inpenc@posthook=\toks15
)
("C:\Users\lowdon-r58\AppData\Local\Programs\MiKTeX 2.9\tex/latex/enumitem\enum
item.sty"
Package: enumitem 2019/02/04 v3.8 Customized lists
\enitkv@toks@=\toks16
\labelindent=\skip43
\enit@outerparindent=\dimen103
\enit@toks=\toks17
\enit@inbox=\box27
\enit@count@id=\count88
\enitdp@description=\count89
)
("C:\Users\lowdon-r58\AppData\Local\Programs\MiKTeX 2.9\tex/latex/amsmath\amsma
th.sty"
Package: amsmath 2018/12/01 v2.17b AMS math features
\@mathmargin=\skip44

For additional information on amsmath, use the `?' option.

("C:\Users\lowdon-r58\AppData\Local\Programs\MiKTeX 2.9\tex/latex/amsmath\amste
xt.sty"
Package: amstext 2000/06/29 v2.01 AMS text

("C:\Users\lowdon-r58\AppData\Local\Programs\MiKTeX 2.9\tex/latex/amsmath\amsge
n.sty"
File: amsgen.sty 1999/11/30 v2.0 generic functions
\@emptytoks=\toks18
\ex@=\dimen104
))
("C:\Users\lowdon-r58\AppData\Local\Programs\MiKTeX 2.9\tex/latex/amsmath\amsbs
y.sty"
Package: amsbsy 1999/11/29 v1.2d Bold Symbols
\pmbraise@=\dimen105
)
("C:\Users\lowdon-r58\AppData\Local\Programs\MiKTeX 2.9\tex/latex/amsmath\amsop
n.sty"
Package: amsopn 2016/03/08 v2.02 operator names
)
\inf@bad=\count90
LaTeX Info: Redefining \frac on input line 223.
\uproot@=\count91
\leftroot@=\count92
LaTeX Info: Redefining \overline on input line 385.
\classnum@=\count93
\DOTSCASE@=\count94
LaTeX Info: Redefining \ldots on input line 482.
LaTeX Info: Redefining \dots on input line 485.
LaTeX Info: Redefining \cdots on input line 606.
\Mathstrutbox@=\box28
\strutbox@=\box29
\big@size=\dimen106
LaTeX Font Info:    Redeclaring font encoding OML on input line 729.
LaTeX Font Info:    Redeclaring font encoding OMS on input line 730.
\macc@depth=\count95
\c@MaxMatrixCols=\count96
\dotsspace@=\muskip10
\c@parentequation=\count97
\dspbrk@lvl=\count98
\tag@help=\toks19
\row@=\count99
\column@=\count100
\maxfields@=\count101
\andhelp@=\toks20
\eqnshift@=\dimen107
\alignsep@=\dimen108
\tagshift@=\dimen109
\tagwidth@=\dimen110
\totwidth@=\dimen111
\lineht@=\dimen112
\@envbody=\toks21
\multlinegap=\skip45
\multlinetaggap=\skip46
\mathdisplay@stack=\toks22
LaTeX Info: Redefining \[ on input line 2844.
LaTeX Info: Redefining \] on input line 2845.
)
("C:\Users\lowdon-r58\AppData\Local\Programs\MiKTeX 2.9\tex/latex/amsfonts\amss
ymb.sty"
Package: amssymb 2013/01/14 v3.01 AMS font symbols

("C:\Users\lowdon-r58\AppData\Local\Programs\MiKTeX 2.9\tex/latex/amsfonts\amsf
onts.sty"
Package: amsfonts 2013/01/14 v3.01 Basic AMSFonts support
\symAMSa=\mathgroup4
\symAMSb=\mathgroup5
LaTeX Font Info:    Overwriting math alphabet `\mathfrak' in version `bold'
(Font)                  U/euf/m/n --> U/euf/b/n on input line 106.
))
("C:\Users\lowdon-r58\AppData\Local\Programs\MiKTeX 2.9\tex/latex/hyperref\hype
rref.sty"
Package: hyperref 2018/11/30 v6.88e Hypertext links for LaTeX

("C:\Users\lowdon-r58\AppData\Local\Programs\MiKTeX 2.9\tex/generic/oberdiek\ho
bsub-hyperref.sty"
Package: hobsub-hyperref 2016/05/16 v1.14 Bundle oberdiek, subset hyperref (HO)


("C:\Users\lowdon-r58\AppData\Local\Programs\MiKTeX 2.9\tex/generic/oberdiek\ho
bsub-generic.sty"
Package: hobsub-generic 2016/05/16 v1.14 Bundle oberdiek, subset generic (HO)
Package: hobsub 2016/05/16 v1.14 Construct package bundles (HO)
Package: infwarerr 2016/05/16 v1.4 Providing info/warning/error messages (HO)
Package: ltxcmds 2016/05/16 v1.23 LaTeX kernel commands for general use (HO)
Package: ifluatex 2016/05/16 v1.4 Provides the ifluatex switch (HO)
Package ifluatex Info: LuaTeX not detected.
Package: ifvtex 2016/05/16 v1.6 Detect VTeX and its facilities (HO)
Package ifvtex Info: VTeX not detected.
Package: intcalc 2016/05/16 v1.2 Expandable calculations with integers (HO)
Package: ifpdf 2018/09/07 v3.3 Provides the ifpdf switch
Package: etexcmds 2016/05/16 v1.6 Avoid name clashes with e-TeX commands (HO)
Package: kvsetkeys 2016/05/16 v1.17 Key value parser (HO)
Package: kvdefinekeys 2016/05/16 v1.4 Define keys (HO)
Package: pdftexcmds 2018/09/10 v0.29 Utility functions of pdfTeX for LuaTeX (HO
)
Package pdftexcmds Info: LuaTeX not detected.
Package pdftexcmds Info: \pdf@primitive is available.
Package pdftexcmds Info: \pdf@ifprimitive is available.
Package pdftexcmds Info: \pdfdraftmode found.
Package: pdfescape 2016/05/16 v1.14 Implements pdfTeX's escape features (HO)
Package: bigintcalc 2016/05/16 v1.4 Expandable calculations on big integers (HO
)
Package: bitset 2016/05/16 v1.2 Handle bit-vector datatype (HO)
Package: uniquecounter 2016/05/16 v1.3 Provide unlimited unique counter (HO)
)
Package hobsub Info: Skipping package `hobsub' (already loaded).
Package: letltxmacro 2016/05/16 v1.5 Let assignment for LaTeX macros (HO)
Package: hopatch 2016/05/16 v1.3 Wrapper for package hooks (HO)
Package: xcolor-patch 2016/05/16 xcolor patch
Package: atveryend 2016/05/16 v1.9 Hooks at the very end of document (HO)
Package atveryend Info: \enddocument detected (standard20110627).
Package: atbegshi 2016/06/09 v1.18 At begin shipout hook (HO)
Package: refcount 2016/05/16 v3.5 Data extraction from label references (HO)
Package: hycolor 2016/05/16 v1.8 Color options for hyperref/bookmark (HO)
)
("C:\Users\lowdon-r58\AppData\Local\Programs\MiKTeX 2.9\tex/latex/graphics\keyv
al.sty"
Package: keyval 2014/10/28 v1.15 key=value parser (DPC)
\KV@toks@=\toks23
)
("C:\Users\lowdon-r58\AppData\Local\Programs\MiKTeX 2.9\tex/generic/ifxetex\ifx
etex.sty"
Package: ifxetex 2010/09/12 v0.6 Provides ifxetex conditional
)
("C:\Users\lowdon-r58\AppData\Local\Programs\MiKTeX 2.9\tex/latex/oberdiek\auxh
ook.sty"
Package: auxhook 2016/05/16 v1.4 Hooks for auxiliary files (HO)
)
("C:\Users\lowdon-r58\AppData\Local\Programs\MiKTeX 2.9\tex/latex/oberdiek\kvop
tions.sty"
Package: kvoptions 2016/05/16 v3.12 Key value format for package options (HO)
)
\@linkdim=\dimen113
\Hy@linkcounter=\count102
\Hy@pagecounter=\count103

("C:\Users\lowdon-r58\AppData\Local\Programs\MiKTeX 2.9\tex/latex/hyperref\pd1e
nc.def"
File: pd1enc.def 2018/11/30 v6.88e Hyperref: PDFDocEncoding definition (HO)
Now handling font encoding PD1 ...
... no UTF-8 mapping file for font encoding PD1
)
\Hy@SavedSpaceFactor=\count104

("C:\Users\lowdon-r58\AppData\Local\Programs\MiKTeX 2.9\tex/latex/00miktex\hype
rref.cfg"
File: hyperref.cfg 2002/06/06 v1.2 hyperref configuration of TeXLive
)
Package hyperref Info: Hyper figures OFF on input line 4519.
Package hyperref Info: Link nesting OFF on input line 4524.
Package hyperref Info: Hyper index ON on input line 4527.
Package hyperref Info: Plain pages OFF on input line 4534.
Package hyperref Info: Backreferencing OFF on input line 4539.
Package hyperref Info: Implicit mode ON; LaTeX internals redefined.
Package hyperref Info: Bookmarks ON on input line 4772.
\c@Hy@tempcnt=\count105

("C:\Users\lowdon-r58\AppData\Local\Programs\MiKTeX 2.9\tex/latex/url\url.sty"
\Urlmuskip=\muskip11
Package: url 2013/09/16  ver 3.4  Verb mode for urls, etc.
)
LaTeX Info: Redefining \url on input line 5125.
\XeTeXLinkMargin=\dimen114
\Fld@menulength=\count106
\Field@Width=\dimen115
\Fld@charsize=\dimen116
Package hyperref Info: Hyper figures OFF on input line 6380.
Package hyperref Info: Link nesting OFF on input line 6385.
Package hyperref Info: Hyper index ON on input line 6388.
Package hyperref Info: backreferencing OFF on input line 6395.
Package hyperref Info: Link coloring OFF on input line 6400.
Package hyperref Info: Link coloring with OCG OFF on input line 6405.
Package hyperref Info: PDF/A mode OFF on input line 6410.
LaTeX Info: Redefining \ref on input line 6450.
LaTeX Info: Redefining \pageref on input line 6454.
\Hy@abspage=\count107
\c@Item=\count108
\c@Hfootnote=\count109
)
Package hyperref Info: Driver (autodetected): hpdftex.

("C:\Users\lowdon-r58\AppData\Local\Programs\MiKTeX 2.9\tex/latex/hyperref\hpdf
tex.def"
File: hpdftex.def 2018/11/30 v6.88e Hyperref driver for pdfTeX
\Fld@listcount=\count110
\c@bookmark@seq@number=\count111

("C:\Users\lowdon-r58\AppData\Local\Programs\MiKTeX 2.9\tex/latex/oberdiek\reru
nfilecheck.sty"
Package: rerunfilecheck 2016/05/16 v1.8 Rerun checks for auxiliary files (HO)
Package uniquecounter Info: New unique counter `rerunfilecheck' on input line 2
82.
)
\Hy@SectionHShift=\skip47
)
("C:\Users\lowdon-r58\AppData\Local\Programs\MiKTeX 2.9\tex/latex/tools\array.s
ty"
Package: array 2018/12/30 v2.4k Tabular extension package (FMi)
\col@sep=\dimen117
\ar@mcellbox=\box30
\extrarowheight=\dimen118
\NC@list=\toks24
\extratabsurround=\skip48
\backup@length=\skip49
\ar@cellbox=\box31
)
("C:\Users\lowdon-r58\AppData\Local\Programs\MiKTeX 2.9\tex/latex/xcolor\xcolor
.sty"
Package: xcolor 2016/05/11 v2.12 LaTeX color extensions (UK)

("C:\Users\lowdon-r58\AppData\Local\Programs\MiKTeX 2.9\tex/latex/graphics-cfg\
color.cfg"
File: color.cfg 2016/01/02 v1.6 sample color configuration
)
Package xcolor Info: Driver file: pdftex.def on input line 225.

("C:\Users\lowdon-r58\AppData\Local\Programs\MiKTeX 2.9\tex/latex/graphics-def\
pdftex.def"
File: pdftex.def 2018/01/08 v1.0l Graphics/color driver for pdftex
)
Package xcolor Info: Model `cmy' substituted by `cmy0' on input line 1348.
Package xcolor Info: Model `hsb' substituted by `rgb' on input line 1352.
Package xcolor Info: Model `RGB' extended on input line 1364.
Package xcolor Info: Model `HTML' substituted by `rgb' on input line 1366.
Package xcolor Info: Model `Hsb' substituted by `hsb' on input line 1367.
Package xcolor Info: Model `tHsb' substituted by `hsb' on input line 1368.
Package xcolor Info: Model `HSB' substituted by `hsb' on input line 1369.
Package xcolor Info: Model `Gray' substituted by `gray' on input line 1370.
Package xcolor Info: Model `wave' substituted by `hsb' on input line 1371.
)
("C:\Users\lowdon-r58\AppData\Local\Programs\MiKTeX 2.9\tex/latex/tools\multico
l.sty"
Package: multicol 2018/12/27 v1.8v multicolumn formatting (FMi)
\c@tracingmulticols=\count112
\mult@box=\box32
\multicol@leftmargin=\dimen119
\c@unbalance=\count113
\c@collectmore=\count114
\doublecol@number=\count115
\multicoltolerance=\count116
\multicolpretolerance=\count117
\full@width=\dimen120
\page@free=\dimen121
\premulticols=\dimen122
\postmulticols=\dimen123
\multicolsep=\skip50
\multicolbaselineskip=\skip51
\partial@page=\box33
\last@line=\box34
\maxbalancingoverflow=\dimen124
\mult@rightbox=\box35
\mult@grightbox=\box36
\mult@gfirstbox=\box37
\mult@firstbox=\box38
\@tempa=\box39
\@tempa=\box40
\@tempa=\box41
\@tempa=\box42
\@tempa=\box43
\@tempa=\box44
\@tempa=\box45
\@tempa=\box46
\@tempa=\box47
\@tempa=\box48
\@tempa=\box49
\@tempa=\box50
\@tempa=\box51
\@tempa=\box52
\@tempa=\box53
\@tempa=\box54
\@tempa=\box55
\c@columnbadness=\count118
\c@finalcolumnbadness=\count119
\last@try=\dimen125
\multicolovershoot=\dimen126
\multicolundershoot=\dimen127
\mult@nat@firstbox=\box56
\colbreak@box=\box57
\mc@col@check@num=\count120
)
("C:\Users\lowdon-r58\AppData\Local\Programs\MiKTeX 2.9\tex/latex/tools\verbati
m.sty"
Package: verbatim 2014/10/28 v1.5q LaTeX2e package for verbatim enhancements
\every@verbatim=\toks25
\verbatim@line=\toks26
\verbatim@in@stream=\read1
)
("C:\Users\lowdon-r58\AppData\Local\Programs\MiKTeX 2.9\tex/latex/psnfss\mathpa
zo.sty"
Package: mathpazo 2005/04/12 PSNFSS-v9.2a Palatino w/ Pazo Math (D.Puga, WaS) 
\symupright=\mathgroup6
)
("C:\Users\lowdon-r58\AppData\Local\Programs\MiKTeX 2.9\tex/latex/pgf/frontendl
ayer\tikz.sty"
("C:\Users\lowdon-r58\AppData\Local\Programs\MiKTeX 2.9\tex/latex/pgf/basiclaye
r\pgf.sty"
("C:\Users\lowdon-r58\AppData\Local\Programs\MiKTeX 2.9\tex/latex/pgf/utilities
\pgfrcs.sty"
("C:\Users\lowdon-r58\AppData\Local\Programs\MiKTeX 2.9\tex/generic/pgf/utiliti
es\pgfutil-common.tex"
\pgfutil@everybye=\toks27
\pgfutil@tempdima=\dimen128
\pgfutil@tempdimb=\dimen129

("C:\Users\lowdon-r58\AppData\Local\Programs\MiKTeX 2.9\tex/generic/pgf/utiliti
es\pgfutil-common-lists.tex"))
("C:\Users\lowdon-r58\AppData\Local\Programs\MiKTeX 2.9\tex/generic/pgf/utiliti
es\pgfutil-latex.def"
\pgfutil@abb=\box58

("C:\Users\lowdon-r58\AppData\Local\Programs\MiKTeX 2.9\tex/latex/ms\everyshi.s
ty"
Package: everyshi 2001/05/15 v3.00 EveryShipout Package (MS)
))
("C:\Users\lowdon-r58\AppData\Local\Programs\MiKTeX 2.9\tex/generic/pgf/utiliti
es\pgfrcs.code.tex"
("C:\Users\lowdon-r58\AppData\Local\Programs\MiKTeX 2.9\tex/generic/pgf\pgf.rev
ision.tex")
Package: pgfrcs 2019/05/09 v3.1.3 (3.1.3)
))
Package: pgf 2019/05/09 v3.1.3 (3.1.3)

("C:\Users\lowdon-r58\AppData\Local\Programs\MiKTeX 2.9\tex/latex/pgf/basiclaye
r\pgfcore.sty"
("C:\Users\lowdon-r58\AppData\Local\Programs\MiKTeX 2.9\tex/latex/graphics\grap
hicx.sty"
Package: graphicx 2017/06/01 v1.1a Enhanced LaTeX Graphics (DPC,SPQR)

("C:\Users\lowdon-r58\AppData\Local\Programs\MiKTeX 2.9\tex/latex/graphics\grap
hics.sty"
Package: graphics 2017/06/25 v1.2c Standard LaTeX Graphics (DPC,SPQR)

("C:\Users\lowdon-r58\AppData\Local\Programs\MiKTeX 2.9\tex/latex/graphics\trig
.sty"
Package: trig 2016/01/03 v1.10 sin cos tan (DPC)
)
("C:\Users\lowdon-r58\AppData\Local\Programs\MiKTeX 2.9\tex/latex/graphics-cfg\
graphics.cfg"
File: graphics.cfg 2016/06/04 v1.11 sample graphics configuration
)
Package graphics Info: Driver file: pdftex.def on input line 99.
)
\Gin@req@height=\dimen130
\Gin@req@width=\dimen131
)
("C:\Users\lowdon-r58\AppData\Local\Programs\MiKTeX 2.9\tex/latex/pgf/systemlay
er\pgfsys.sty"
("C:\Users\lowdon-r58\AppData\Local\Programs\MiKTeX 2.9\tex/generic/pgf/systeml
ayer\pgfsys.code.tex"
Package: pgfsys 2019/05/09 v3.1.3 (3.1.3)

("C:\Users\lowdon-r58\AppData\Local\Programs\MiKTeX 2.9\tex/generic/pgf/utiliti
es\pgfkeys.code.tex"
\pgfkeys@pathtoks=\toks28
\pgfkeys@temptoks=\toks29

("C:\Users\lowdon-r58\AppData\Local\Programs\MiKTeX 2.9\tex/generic/pgf/utiliti
es\pgfkeysfiltered.code.tex"
\pgfkeys@tmptoks=\toks30
))
\pgf@x=\dimen132
\pgf@y=\dimen133
\pgf@xa=\dimen134
\pgf@ya=\dimen135
\pgf@xb=\dimen136
\pgf@yb=\dimen137
\pgf@xc=\dimen138
\pgf@yc=\dimen139
\pgf@xd=\dimen140
\pgf@yd=\dimen141
\w@pgf@writea=\write3
\r@pgf@reada=\read2
\c@pgf@counta=\count121
\c@pgf@countb=\count122
\c@pgf@countc=\count123
\c@pgf@countd=\count124
\t@pgf@toka=\toks31
\t@pgf@tokb=\toks32
\t@pgf@tokc=\toks33
\pgf@sys@id@count=\count125

("C:\Users\lowdon-r58\AppData\Local\Programs\MiKTeX 2.9\tex/generic/pgf/systeml
ayer\pgf.cfg"
File: pgf.cfg 2019/05/09 v3.1.3 (3.1.3)
)
Driver file for pgf: pgfsys-pdftex.def

("C:\Users\lowdon-r58\AppData\Local\Programs\MiKTeX 2.9\tex/generic/pgf/systeml
ayer\pgfsys-pdftex.def"
File: pgfsys-pdftex.def 2019/05/09 v3.1.3 (3.1.3)

("C:\Users\lowdon-r58\AppData\Local\Programs\MiKTeX 2.9\tex/generic/pgf/systeml
ayer\pgfsys-common-pdf.def"
File: pgfsys-common-pdf.def 2019/05/09 v3.1.3 (3.1.3)
)))
("C:\Users\lowdon-r58\AppData\Local\Programs\MiKTeX 2.9\tex/generic/pgf/systeml
ayer\pgfsyssoftpath.code.tex"
File: pgfsyssoftpath.code.tex 2019/05/09 v3.1.3 (3.1.3)
\pgfsyssoftpath@smallbuffer@items=\count126
\pgfsyssoftpath@bigbuffer@items=\count127
)
("C:\Users\lowdon-r58\AppData\Local\Programs\MiKTeX 2.9\tex/generic/pgf/systeml
ayer\pgfsysprotocol.code.tex"
File: pgfsysprotocol.code.tex 2019/05/09 v3.1.3 (3.1.3)
))
("C:\Users\lowdon-r58\AppData\Local\Programs\MiKTeX 2.9\tex/generic/pgf/basicla
yer\pgfcore.code.tex"
Package: pgfcore 2019/05/09 v3.1.3 (3.1.3)

("C:\Users\lowdon-r58\AppData\Local\Programs\MiKTeX 2.9\tex/generic/pgf/math\pg
fmath.code.tex"
("C:\Users\lowdon-r58\AppData\Local\Programs\MiKTeX 2.9\tex/generic/pgf/math\pg
fmathcalc.code.tex"
("C:\Users\lowdon-r58\AppData\Local\Programs\MiKTeX 2.9\tex/generic/pgf/math\pg
fmathutil.code.tex")
("C:\Users\lowdon-r58\AppData\Local\Programs\MiKTeX 2.9\tex/generic/pgf/math\pg
fmathparser.code.tex"
\pgfmath@dimen=\dimen142
\pgfmath@count=\count128
\pgfmath@box=\box59
\pgfmath@toks=\toks34
\pgfmath@stack@operand=\toks35
\pgfmath@stack@operation=\toks36
)
("C:\Users\lowdon-r58\AppData\Local\Programs\MiKTeX 2.9\tex/generic/pgf/math\pg
fmathfunctions.code.tex"
("C:\Users\lowdon-r58\AppData\Local\Programs\MiKTeX 2.9\tex/generic/pgf/math\pg
fmathfunctions.basic.code.tex")
("C:\Users\lowdon-r58\AppData\Local\Programs\MiKTeX 2.9\tex/generic/pgf/math\pg
fmathfunctions.trigonometric.code.tex")
("C:\Users\lowdon-r58\AppData\Local\Programs\MiKTeX 2.9\tex/generic/pgf/math\pg
fmathfunctions.random.code.tex")
("C:\Users\lowdon-r58\AppData\Local\Programs\MiKTeX 2.9\tex/generic/pgf/math\pg
fmathfunctions.comparison.code.tex")
("C:\Users\lowdon-r58\AppData\Local\Programs\MiKTeX 2.9\tex/generic/pgf/math\pg
fmathfunctions.base.code.tex")
("C:\Users\lowdon-r58\AppData\Local\Programs\MiKTeX 2.9\tex/generic/pgf/math\pg
fmathfunctions.round.code.tex")
("C:\Users\lowdon-r58\AppData\Local\Programs\MiKTeX 2.9\tex/generic/pgf/math\pg
fmathfunctions.misc.code.tex")
("C:\Users\lowdon-r58\AppData\Local\Programs\MiKTeX 2.9\tex/generic/pgf/math\pg
fmathfunctions.integerarithmetics.code.tex")))
("C:\Users\lowdon-r58\AppData\Local\Programs\MiKTeX 2.9\tex/generic/pgf/math\pg
fmathfloat.code.tex"
\c@pgfmathroundto@lastzeros=\count129
))
("C:\Users\lowdon-r58\AppData\Local\Programs\MiKTeX 2.9\tex/generic/pgf/math\pg
fint.code.tex")
("C:\Users\lowdon-r58\AppData\Local\Programs\MiKTeX 2.9\tex/generic/pgf/basicla
yer\pgfcorepoints.code.tex"
File: pgfcorepoints.code.tex 2019/05/09 v3.1.3 (3.1.3)
\pgf@picminx=\dimen143
\pgf@picmaxx=\dimen144
\pgf@picminy=\dimen145
\pgf@picmaxy=\dimen146
\pgf@pathminx=\dimen147
\pgf@pathmaxx=\dimen148
\pgf@pathminy=\dimen149
\pgf@pathmaxy=\dimen150
\pgf@xx=\dimen151
\pgf@xy=\dimen152
\pgf@yx=\dimen153
\pgf@yy=\dimen154
\pgf@zx=\dimen155
\pgf@zy=\dimen156
)
("C:\Users\lowdon-r58\AppData\Local\Programs\MiKTeX 2.9\tex/generic/pgf/basicla
yer\pgfcorepathconstruct.code.tex"
File: pgfcorepathconstruct.code.tex 2019/05/09 v3.1.3 (3.1.3)
\pgf@path@lastx=\dimen157
\pgf@path@lasty=\dimen158
)
("C:\Users\lowdon-r58\AppData\Local\Programs\MiKTeX 2.9\tex/generic/pgf/basicla
yer\pgfcorepathusage.code.tex"
File: pgfcorepathusage.code.tex 2019/05/09 v3.1.3 (3.1.3)
\pgf@shorten@end@additional=\dimen159
\pgf@shorten@start@additional=\dimen160
)
("C:\Users\lowdon-r58\AppData\Local\Programs\MiKTeX 2.9\tex/generic/pgf/basicla
yer\pgfcorescopes.code.tex"
File: pgfcorescopes.code.tex 2019/05/09 v3.1.3 (3.1.3)
\pgfpic=\box60
\pgf@hbox=\box61
\pgf@layerbox@main=\box62
\pgf@picture@serial@count=\count130
)
("C:\Users\lowdon-r58\AppData\Local\Programs\MiKTeX 2.9\tex/generic/pgf/basicla
yer\pgfcoregraphicstate.code.tex"
File: pgfcoregraphicstate.code.tex 2019/05/09 v3.1.3 (3.1.3)
\pgflinewidth=\dimen161
)
("C:\Users\lowdon-r58\AppData\Local\Programs\MiKTeX 2.9\tex/generic/pgf/basicla
yer\pgfcoretransformations.code.tex"
File: pgfcoretransformations.code.tex 2019/05/09 v3.1.3 (3.1.3)
\pgf@pt@x=\dimen162
\pgf@pt@y=\dimen163
\pgf@pt@temp=\dimen164
)
("C:\Users\lowdon-r58\AppData\Local\Programs\MiKTeX 2.9\tex/generic/pgf/basicla
yer\pgfcorequick.code.tex"
File: pgfcorequick.code.tex 2019/05/09 v3.1.3 (3.1.3)
)
("C:\Users\lowdon-r58\AppData\Local\Programs\MiKTeX 2.9\tex/generic/pgf/basicla
yer\pgfcoreobjects.code.tex"
File: pgfcoreobjects.code.tex 2019/05/09 v3.1.3 (3.1.3)
)
("C:\Users\lowdon-r58\AppData\Local\Programs\MiKTeX 2.9\tex/generic/pgf/basicla
yer\pgfcorepathprocessing.code.tex"
File: pgfcorepathprocessing.code.tex 2019/05/09 v3.1.3 (3.1.3)
)
("C:\Users\lowdon-r58\AppData\Local\Programs\MiKTeX 2.9\tex/generic/pgf/basicla
yer\pgfcorearrows.code.tex"
File: pgfcorearrows.code.tex 2019/05/09 v3.1.3 (3.1.3)
\pgfarrowsep=\dimen165
)
("C:\Users\lowdon-r58\AppData\Local\Programs\MiKTeX 2.9\tex/generic/pgf/basicla
yer\pgfcoreshade.code.tex"
File: pgfcoreshade.code.tex 2019/05/09 v3.1.3 (3.1.3)
\pgf@max=\dimen166
\pgf@sys@shading@range@num=\count131
\pgf@shadingcount=\count132
)
("C:\Users\lowdon-r58\AppData\Local\Programs\MiKTeX 2.9\tex/generic/pgf/basicla
yer\pgfcoreimage.code.tex"
File: pgfcoreimage.code.tex 2019/05/09 v3.1.3 (3.1.3)

("C:\Users\lowdon-r58\AppData\Local\Programs\MiKTeX 2.9\tex/generic/pgf/basicla
yer\pgfcoreexternal.code.tex"
File: pgfcoreexternal.code.tex 2019/05/09 v3.1.3 (3.1.3)
\pgfexternal@startupbox=\box63
))
("C:\Users\lowdon-r58\AppData\Local\Programs\MiKTeX 2.9\tex/generic/pgf/basicla
yer\pgfcorelayers.code.tex"
File: pgfcorelayers.code.tex 2019/05/09 v3.1.3 (3.1.3)
)
("C:\Users\lowdon-r58\AppData\Local\Programs\MiKTeX 2.9\tex/generic/pgf/basicla
yer\pgfcoretransparency.code.tex"
File: pgfcoretransparency.code.tex 2019/05/09 v3.1.3 (3.1.3)
)
("C:\Users\lowdon-r58\AppData\Local\Programs\MiKTeX 2.9\tex/generic/pgf/basicla
yer\pgfcorepatterns.code.tex"
File: pgfcorepatterns.code.tex 2019/05/09 v3.1.3 (3.1.3)
)
("C:\Users\lowdon-r58\AppData\Local\Programs\MiKTeX 2.9\tex/generic/pgf/basicla
yer\pgfcorerdf.code.tex"
File: pgfcorerdf.code.tex 2019/05/09 v3.1.3 (3.1.3)
)))
("C:\Users\lowdon-r58\AppData\Local\Programs\MiKTeX 2.9\tex/generic/pgf/modules
\pgfmoduleshapes.code.tex"
File: pgfmoduleshapes.code.tex 2019/05/09 v3.1.3 (3.1.3)
\pgfnodeparttextbox=\box64
)
("C:\Users\lowdon-r58\AppData\Local\Programs\MiKTeX 2.9\tex/generic/pgf/modules
\pgfmoduleplot.code.tex"
File: pgfmoduleplot.code.tex 2019/05/09 v3.1.3 (3.1.3)
)
("C:\Users\lowdon-r58\AppData\Local\Programs\MiKTeX 2.9\tex/latex/pgf/compatibi
lity\pgfcomp-version-0-65.sty"
Package: pgfcomp-version-0-65 2019/05/09 v3.1.3 (3.1.3)
\pgf@nodesepstart=\dimen167
\pgf@nodesepend=\dimen168
)
("C:\Users\lowdon-r58\AppData\Local\Programs\MiKTeX 2.9\tex/latex/pgf/compatibi
lity\pgfcomp-version-1-18.sty"
Package: pgfcomp-version-1-18 2019/05/09 v3.1.3 (3.1.3)
))
("C:\Users\lowdon-r58\AppData\Local\Programs\MiKTeX 2.9\tex/latex/pgf/utilities
\pgffor.sty"
("C:\Users\lowdon-r58\AppData\Local\Programs\MiKTeX 2.9\tex/latex/pgf/utilities
\pgfkeys.sty"
("C:\Users\lowdon-r58\AppData\Local\Programs\MiKTeX 2.9\tex/generic/pgf/utiliti
es\pgfkeys.code.tex"))
("C:\Users\lowdon-r58\AppData\Local\Programs\MiKTeX 2.9\tex/latex/pgf/math\pgfm
ath.sty"
("C:\Users\lowdon-r58\AppData\Local\Programs\MiKTeX 2.9\tex/generic/pgf/math\pg
fmath.code.tex"))
("C:\Users\lowdon-r58\AppData\Local\Programs\MiKTeX 2.9\tex/generic/pgf/utiliti
es\pgffor.code.tex"
Package: pgffor 2019/05/09 v3.1.3 (3.1.3)

("C:\Users\lowdon-r58\AppData\Local\Programs\MiKTeX 2.9\tex/generic/pgf/math\pg
fmath.code.tex")
\pgffor@iter=\dimen169
\pgffor@skip=\dimen170
\pgffor@stack=\toks37
\pgffor@toks=\toks38
))
("C:\Users\lowdon-r58\AppData\Local\Programs\MiKTeX 2.9\tex/generic/pgf/fronten
dlayer/tikz\tikz.code.tex"
Package: tikz 2019/05/09 v3.1.3 (3.1.3)

("C:\Users\lowdon-r58\AppData\Local\Programs\MiKTeX 2.9\tex/generic/pgf/librari
es\pgflibraryplothandlers.code.tex"
File: pgflibraryplothandlers.code.tex 2019/05/09 v3.1.3 (3.1.3)
\pgf@plot@mark@count=\count133
\pgfplotmarksize=\dimen171
)
\tikz@lastx=\dimen172
\tikz@lasty=\dimen173
\tikz@lastxsaved=\dimen174
\tikz@lastysaved=\dimen175
\tikzleveldistance=\dimen176
\tikzsiblingdistance=\dimen177
\tikz@figbox=\box65
\tikz@figbox@bg=\box66
\tikz@tempbox=\box67
\tikz@tempbox@bg=\box68
\tikztreelevel=\count134
\tikznumberofchildren=\count135
\tikznumberofcurrentchild=\count136
\tikz@fig@count=\count137

("C:\Users\lowdon-r58\AppData\Local\Programs\MiKTeX 2.9\tex/generic/pgf/modules
\pgfmodulematrix.code.tex"
File: pgfmodulematrix.code.tex 2019/05/09 v3.1.3 (3.1.3)
\pgfmatrixcurrentrow=\count138
\pgfmatrixcurrentcolumn=\count139
\pgf@matrix@numberofcolumns=\count140
)
\tikz@expandcount=\count141

("C:\Users\lowdon-r58\AppData\Local\Programs\MiKTeX 2.9\tex/generic/pgf/fronten
dlayer/tikz/libraries\tikzlibrarytopaths.code.tex"
File: tikzlibrarytopaths.code.tex 2019/05/09 v3.1.3 (3.1.3)
)))
("C:\Users\lowdon-r58\AppData\Local\Programs\MiKTeX 2.9\tex/latex/tikz-qtree\ti
kz-qtree.sty"
("C:\Users\lowdon-r58\AppData\Local\Programs\MiKTeX 2.9\tex/latex/tikz-qtree\pg
ftree.sty"
("C:\Users\lowdon-r58\AppData\Local\Programs\MiKTeX 2.9\tex/latex/tikz-qtree\pg
fsubpic.sty"
("C:\Users\lowdon-r58\AppData\Local\Programs\MiKTeX 2.9\tex/generic/tikz-qtree\
pgfsubpic.tex"
\pgf@subpicminx=\dimen178
\pgf@subpicminy=\dimen179
\pgf@subpicmaxx=\dimen180
\pgf@subpicmaxy=\dimen181
))
("C:\Users\lowdon-r58\AppData\Local\Programs\MiKTeX 2.9\tex/generic/tikz-qtree\
pgftree.tex"
\levelsep=\dimen182
\subtreesep=\dimen183
\smuggle@levelsep=\dimen184
\smuggle@subtreesep=\dimen185
\this@levelsep=\dimen186
\this@subtreesep=\dimen187
\pgftree@childx=\dimen188
\pgftree@savechildx=\dimen189
\pgftree@childy=\dimen190
\pgftree@savechildy=\dimen191
\pgftree@childi=\count142
\pgftree@savechildi=\count143
\pgftree@level=\count144
\pgftree@depth=\dimen192
\pgf@subpic@hbox@children=\box69
\pgf@subpic@minx@children=\dimen193
\pgf@subpic@miny@children=\dimen194
\pgf@subpic@maxx@children=\dimen195
\pgf@subpic@maxy@children=\dimen196
\pgftree@lastchildx=\dimen197
\pgftree@lastchildy=\dimen198
))
("C:\Users\lowdon-r58\AppData\Local\Programs\MiKTeX 2.9\tex/generic/tikz-qtree\
tikz-qtree.tex"
\@result=\toks39
\child@list=\toks40
\root@node=\toks41
))
("C:\Users\lowdon-r58\AppData\Local\Programs\MiKTeX 2.9\tex/generic/pgf/fronten
dlayer/tikz/libraries\tikzlibrarycalc.code.tex"
File: tikzlibrarycalc.code.tex 2019/05/09 v3.1.3 (3.1.3)
)
("C:\Users\lowdon-r58\AppData\Local\Programs\MiKTeX 2.9\tex/latex/ulem\ulem.sty
"
\UL@box=\box70
\UL@hyphenbox=\box71
\UL@skip=\skip52
\UL@hook=\toks42
\UL@height=\dimen199
\UL@pe=\count145
\UL@pixel=\dimen256
\ULC@box=\box72
Package: ulem 2012/05/18
\ULdepth=\dimen257
)
("C:\Users\lowdon-r58\AppData\Local\Programs\MiKTeX 2.9\tex/latex/fancyhdr\fanc
yhdr.sty"
Package: fancyhdr 2019/01/31 v3.10 Extensive control of page headers and footer
s
\f@nch@headwidth=\skip53
\f@nch@O@elh=\skip54
\f@nch@O@erh=\skip55
\f@nch@O@olh=\skip56
\f@nch@O@orh=\skip57
\f@nch@O@elf=\skip58
\f@nch@O@erf=\skip59
\f@nch@O@olf=\skip60
\f@nch@O@orf=\skip61
)
("C:\Users\lowdon-r58\AppData\Local\Programs\MiKTeX 2.9\tex/latex/base\fontenc.
sty"
Package: fontenc 2018/08/11 v2.0j Standard LaTeX package

("C:\Users\lowdon-r58\AppData\Local\Programs\MiKTeX 2.9\tex/latex/base\t1enc.de
f"
File: t1enc.def 2018/08/11 v2.0j Standard LaTeX file
LaTeX Font Info:    Redeclaring font encoding T1 on input line 48.
))
("C:\Users\lowdon-r58\AppData\Local\Programs\MiKTeX 2.9\tex/latex/cite\cite.sty
"
LaTeX Info: Redefining \cite on input line 302.
LaTeX Info: Redefining \nocite on input line 332.
Package: cite 2015/02/27  v 5.5
)
("C:\Users\lowdon-r58\AppData\Local\Programs\MiKTeX 2.9\tex/latex/csquotes\csqu
otes.sty"
Package: csquotes 2019/05/10 v5.2e context-sensitive quotations (JAW)

("C:\Users\lowdon-r58\AppData\Local\Programs\MiKTeX 2.9\tex/latex/etoolbox\etoo
lbox.sty"
Package: etoolbox 2018/08/19 v2.5f e-TeX tools for LaTeX (JAW)
\etb@tempcnta=\count146
)
\csq@reset=\count147
\csq@gtype=\count148
\csq@glevel=\count149
\csq@qlevel=\count150
\csq@maxlvl=\count151
\csq@tshold=\count152
\csq@ltx@everypar=\toks43

("C:\Users\lowdon-r58\AppData\Local\Programs\MiKTeX 2.9\tex/latex/csquotes\csqu
otes.def"
File: csquotes.def 2019/05/10 v5.2e csquotes generic definitions (JAW)
)
Package csquotes Info: Trying to load configuration file 'csquotes.cfg'...
Package csquotes Info: ... configuration file loaded successfully.

("C:\Users\lowdon-r58\AppData\Local\Programs\MiKTeX 2.9\tex/latex/csquotes\csqu
otes.cfg"
File: csquotes.cfg 
))
("C:\Users\lowdon-r58\AppData\Local\Programs\MiKTeX 2.9\tex/latex/caption\subca
ption.sty"
Package: subcaption 2018/05/01 v1.1-162 Sub-captions (AR)

("C:\Users\lowdon-r58\AppData\Local\Programs\MiKTeX 2.9\tex/latex/caption\capti
on.sty"
Package: caption 2018/10/06 v3.3-154 Customizing captions (AR)

("C:\Users\lowdon-r58\AppData\Local\Programs\MiKTeX 2.9\tex/latex/caption\capti
on3.sty"
Package: caption3 2018/09/12 v1.8c caption3 kernel (AR)
Package caption3 Info: TeX engine: e-TeX on input line 64.
\captionmargin=\dimen258
\captionmargin@=\dimen259
\captionwidth=\dimen260
\caption@tempdima=\dimen261
\caption@indent=\dimen262
\caption@parindent=\dimen263
\caption@hangindent=\dimen264
)
\c@caption@flags=\count153
\c@ContinuedFloat=\count154
Package caption Info: hyperref package is loaded.
)
\c@subfigure=\count155
\c@subtable=\count156
)
("C:\Users\lowdon-r58\AppData\Local\Programs\MiKTeX 2.9\tex/latex/subfloat\subf
loat.sty"
Package: subfloat 2003/08/21 version 2.14
 Package `subfloat', Version 2.14 of 2003/08/21.

Package subfloat Warning: Numbers of floats not counted:
(subfloat)                If you use one of the counters subfloatfiguremax or
(subfloat)                subfloattablemax you will get strange error messages
(subfloat)                containing \c@subfloatfiguremax or
(subfloat)                \c@subfloattablemax:
(subfloat)                Please switch on countmax or remove the code using
(subfloat)                the counter then..

)
("C:\Users\lowdon-r58\AppData\Local\Programs\MiKTeX 2.9\tex/latex/float\float.s
ty"
Package: float 2001/11/08 v1.3d Float enhancements (AL)
\c@float@type=\count157
\float@exts=\toks44
\float@box=\box73
\@float@everytoks=\toks45
\@floatcapt=\box74
)
Package csquotes Info: Checking for multilingual support...
Package csquotes Info: ... none found.
 (Thesis_Propsal_Reid_Lowdon.aux)
\openout1 = `Thesis_Propsal_Reid_Lowdon.aux'.

LaTeX Font Info:    Checking defaults for OML/cmm/m/it on input line 38.
LaTeX Font Info:    ... okay on input line 38.
LaTeX Font Info:    Checking defaults for T1/cmr/m/n on input line 38.
LaTeX Font Info:    ... okay on input line 38.
LaTeX Font Info:    Checking defaults for OT1/cmr/m/n on input line 38.
LaTeX Font Info:    ... okay on input line 38.
LaTeX Font Info:    Checking defaults for OMS/cmsy/m/n on input line 38.
LaTeX Font Info:    ... okay on input line 38.
LaTeX Font Info:    Checking defaults for OMX/cmex/m/n on input line 38.
LaTeX Font Info:    ... okay on input line 38.
LaTeX Font Info:    Checking defaults for U/cmr/m/n on input line 38.
LaTeX Font Info:    ... okay on input line 38.
LaTeX Font Info:    Checking defaults for PD1/pdf/m/n on input line 38.
LaTeX Font Info:    ... okay on input line 38.
LaTeX Font Info:    Try loading font information for T1+ppl on input line 38.

("C:\Users\lowdon-r58\AppData\Local\Programs\MiKTeX 2.9\tex/latex/psnfss\t1ppl.
fd"
File: t1ppl.fd 2001/06/04 font definitions for T1/ppl.
)
\AtBeginShipoutBox=\box75
Package hyperref Info: Link coloring OFF on input line 38.

("C:\Users\lowdon-r58\AppData\Local\Programs\MiKTeX 2.9\tex/latex/hyperref\name
ref.sty"
Package: nameref 2016/05/21 v2.44 Cross-referencing by name of section

("C:\Users\lowdon-r58\AppData\Local\Programs\MiKTeX 2.9\tex/generic/oberdiek\ge
ttitlestring.sty"
Package: gettitlestring 2016/05/16 v1.5 Cleanup title references (HO)
)
\c@section@level=\count158
)
LaTeX Info: Redefining \ref on input line 38.
LaTeX Info: Redefining \pageref on input line 38.
LaTeX Info: Redefining \nameref on input line 38.
 (Thesis_Propsal_Reid_Lowdon.out)
(Thesis_Propsal_Reid_Lowdon.out)
\@outlinefile=\write4
\openout4 = `Thesis_Propsal_Reid_Lowdon.out'.


("C:\Users\lowdon-r58\AppData\Local\Programs\MiKTeX 2.9\tex/context/base/mkii\s
upp-pdf.mkii"
[Loading MPS to PDF converter (version 2006.09.02).]
\scratchcounter=\count159
\scratchdimen=\dimen265
\scratchbox=\box76
\nofMPsegments=\count160
\nofMParguments=\count161
\everyMPshowfont=\toks46
\MPscratchCnt=\count162
\MPscratchDim=\dimen266
\MPnumerator=\count163
\makeMPintoPDFobject=\count164
\everyMPtoPDFconversion=\toks47
)
("C:\Users\lowdon-r58\AppData\Local\Programs\MiKTeX 2.9\tex/latex/oberdiek\epst
opdf-base.sty"
Package: epstopdf-base 2016/05/15 v2.6 Base part for package epstopdf

("C:\Users\lowdon-r58\AppData\Local\Programs\MiKTeX 2.9\tex/latex/oberdiek\grfe
xt.sty"
Package: grfext 2016/05/16 v1.2 Manage graphics extensions (HO)
)
Package epstopdf-base Info: Redefining graphics rule for `.eps' on input line 4
38.
Package grfext Info: Graphics extension search list:
(grfext)             [.pdf,.png,.jpg,.mps,.jpeg,.jbig2,.jb2,.PDF,.PNG,.JPG,.JPE
G,.JBIG2,.JB2,.eps]
(grfext)             \AppendGraphicsExtensions on input line 456.
) ABD: EveryShipout initializing macros
Package caption Info: Begin \AtBeginDocument code.
Package caption Info: float package is loaded.
Package caption Info: End \AtBeginDocument code.
LaTeX Font Info:    Font shape `T1/ppl/bx/n' in size <24.88> not available
(Font)              Font shape `T1/ppl/b/n' tried instead on input line 69.
LaTeX Font Info:    Try loading font information for OT1+ppl on input line 83.

("C:\Users\lowdon-r58\AppData\Local\Programs\MiKTeX 2.9\tex/latex/psnfss\ot1ppl
.fd"
File: ot1ppl.fd 2001/06/04 font definitions for OT1/ppl.
)
LaTeX Font Info:    Try loading font information for OML+zplm on input line 83.


("C:\Users\lowdon-r58\AppData\Local\Programs\MiKTeX 2.9\tex/latex/psnfss\omlzpl
m.fd"
File: omlzplm.fd 2002/09/08 Fontinst v1.914 font definitions for OML/zplm.
)
LaTeX Font Info:    Try loading font information for OMS+zplm on input line 83.


("C:\Users\lowdon-r58\AppData\Local\Programs\MiKTeX 2.9\tex/latex/psnfss\omszpl
m.fd"
File: omszplm.fd 2002/09/08 Fontinst v1.914 font definitions for OMS/zplm.
)
LaTeX Font Info:    Try loading font information for OMX+zplm on input line 83.


("C:\Users\lowdon-r58\AppData\Local\Programs\MiKTeX 2.9\tex/latex/psnfss\omxzpl
m.fd"
File: omxzplm.fd 2002/09/08 Fontinst v1.914 font definitions for OMX/zplm.
)
LaTeX Font Info:    Font shape `U/msa/m/n' will be
(Font)              scaled to size 12.50409pt on input line 83.
LaTeX Font Info:    Font shape `U/msa/m/n' will be
(Font)              scaled to size 9.37807pt on input line 83.
LaTeX Font Info:    Font shape `U/msa/m/n' will be
(Font)              scaled to size 7.29405pt on input line 83.
LaTeX Font Info:    Font shape `U/msb/m/n' will be
(Font)              scaled to size 12.50409pt on input line 83.
LaTeX Font Info:    Font shape `U/msb/m/n' will be
(Font)              scaled to size 9.37807pt on input line 83.
LaTeX Font Info:    Font shape `U/msb/m/n' will be
(Font)              scaled to size 7.29405pt on input line 83.
LaTeX Font Info:    Try loading font information for OT1+zplm on input line 83.


("C:\Users\lowdon-r58\AppData\Local\Programs\MiKTeX 2.9\tex/latex/psnfss\ot1zpl
m.fd"
File: ot1zplm.fd 2002/09/08 Fontinst v1.914 font definitions for OT1/zplm.
) [1

{C:/Users/lowdon-r58/AppData/Local/MiKTeX/2.9/pdftex/config/pdftex.map}]
LaTeX Font Info:    Font shape `T1/ppl/bx/n' in size <17.28> not available
(Font)              Font shape `T1/ppl/b/n' tried instead on input line 118.
LaTeX Font Info:    Font shape `T1/ppl/bx/n' in size <12> not available
(Font)              Font shape `T1/ppl/b/n' tried instead on input line 120.
pdfTeX warning (ext4): destination with the same identifier (name{page.1}) has 
been already used, duplicate ignored
<to be read again> 
                   \relax 
l.143 	
        [1] [2]
LaTeX Font Info:    Try loading font information for OMS+ppl on input line 156.


("C:\Users\lowdon-r58\AppData\Local\Programs\MiKTeX 2.9\tex/latex/psnfss\omsppl
.fd"
File: omsppl.fd 
)
LaTeX Font Info:    Font shape `OMS/ppl/m/n' in size <12> not available
(Font)              Font shape `OMS/cmsy/m/n' tried instead on input line 156.
 [3] [4]
Package atveryend Info: Empty hook `BeforeClearDocument' on input line 194.
Package atveryend Info: Empty hook `AfterLastShipout' on input line 194.
 (Thesis_Propsal_Reid_Lowdon.aux)
Package atveryend Info: Executing hook `AtVeryEndDocument' on input line 194.
Package atveryend Info: Executing hook `AtEndAfterFileList' on input line 194.
Package rerunfilecheck Info: File `Thesis_Propsal_Reid_Lowdon.out' has not chan
ged.
(rerunfilecheck)             Checksum: A2A724B834F1ADB20FD2C6E5DF340198;367.
Package atveryend Info: Empty hook `AtVeryVeryEnd' on input line 194.
 ) 
Here is how much of TeX's memory you used:
 19565 strings out of 492895
 364263 string characters out of 3121400
 441299 words of memory out of 3000000
 23088 multiletter control sequences out of 15000+200000
 28986 words of font info for 59 fonts, out of 3000000 for 9000
 1141 hyphenation exceptions out of 8191
 55i,11n,48p,933b,452s stack positions out of 5000i,500n,10000p,200000b,50000s
{C:/Users/lowdon-r58/AppData/Local/Programs/MiKTeX 2.9/fonts/enc/dvips/base/8
r.enc}<C:/Users/lowdon-r58/AppData/Local/Programs/MiKTeX 2.9/fonts/type1/public
/amsfonts/cm/cmsy10.pfb><C:/Users/lowdon-r58/AppData/Local/Programs/MiKTeX 2.9/
fonts/type1/urw/palatino/uplb8a.pfb><C:/Users/lowdon-r58/AppData/Local/Programs
/MiKTeX 2.9/fonts/type1/urw/palatino/uplr8a.pfb><C:/Users/lowdon-r58/AppData/Lo
cal/Programs/MiKTeX 2.9/fonts/type1/urw/palatino/uplri8a.pfb>
Output written on Thesis_Propsal_Reid_Lowdon.pdf (5 pages, 73176 bytes).
PDF statistics:
 96 PDF objects out of 1000 (max. 8388607)
 28 named destinations out of 1000 (max. 500000)
 69 words of extra memory for PDF output out of 10000 (max. 10000000)

